<?xml version="1.0" encoding="UTF-8"?>
<!-- Generated by org.testng.reporters.JUnitReportReporter -->
<testsuite skipped="0" hostname="IND00002CH" name="XlsxReading" tests="1" failures="0" timestamp="21 Jun 2019 06:27:45 GMT" time="0.009" errors="0">
  <testcase name="sysMethod" time="0.009" classname="XlsxReading"/>
</testsuite> <!-- XlsxReading -->
